[debug] [2017-12-02T14:23:45.314Z] ----------------------------------------------------------------------
[debug] [2017-12-02T14:23:45.317Z] Command:       /usr/local/bin/node /usr/local/bin/firebase deploy
[debug] [2017-12-02T14:23:45.317Z] CLI Version:   3.14.0
[debug] [2017-12-02T14:23:45.317Z] Platform:      darwin
[debug] [2017-12-02T14:23:45.317Z] Node Version:  v6.11.4
[debug] [2017-12-02T14:23:45.318Z] Time:          Sat Dec 02 2017 19:53:45 GMT+0530 (IST)
[debug] [2017-12-02T14:23:45.318Z] ----------------------------------------------------------------------
[debug] 
[debug] [2017-12-02T14:23:45.350Z] > command requires scopes: ["email","openid","https://www.googleapis.com/auth/cloudplatformprojects.readonly","https://www.googleapis.com/auth/firebase","https://www.googleapis.com/auth/cloud-platform"]
[debug] [2017-12-02T14:23:45.351Z] > authorizing via signed-in user
[debug] [2017-12-02T14:23:45.354Z] > refreshing access token with scopes: ["email","https://www.googleapis.com/auth/cloud-platform","https://www.googleapis.com/auth/cloudplatformprojects.readonly","https://www.googleapis.com/auth/firebase","openid"]
[debug] [2017-12-02T14:23:45.355Z] >>> HTTP REQUEST POST https://www.googleapis.com/oauth2/v3/token { refresh_token: '1/ntiXRDM6pN42CTnqMjDtfm3OGR4Ya_HfhOSZCcjeV_U',
  client_id: '563584335869-fgrhgmd47bqnekij5i8b5pr03ho849e6.apps.googleusercontent.com',
  client_secret: 'j9iVZfS8kkCEFUPaAeJV0sAi',
  grant_type: 'refresh_token',
  scope: 'email https://www.googleapis.com/auth/cloud-platform https://www.googleapis.com/auth/cloudplatformprojects.readonly https://www.googleapis.com/auth/firebase openid' } 
 Sat Dec 02 2017 19:53:45 GMT+0530 (IST)
[debug] [2017-12-02T14:23:45.774Z] <<< HTTP RESPONSE 200
[debug] [2017-12-02T14:23:45.791Z] >>> HTTP REQUEST GET https://admin.firebase.com/v1/projects/cryptovision-5e324  
 Sat Dec 02 2017 19:53:45 GMT+0530 (IST)
[debug] [2017-12-02T14:23:47.140Z] <<< HTTP RESPONSE 200
[debug] [2017-12-02T14:23:47.141Z] >>> HTTP REQUEST GET https://admin.firebase.com/v1/database/cryptovision-5e324/tokens  
 Sat Dec 02 2017 19:53:47 GMT+0530 (IST)
[debug] [2017-12-02T14:23:48.509Z] <<< HTTP RESPONSE 200
[info] 3
[info] 
[info] === Deploying to 'cryptovision-5e324'...
[info] 
[info] i  deploying database, functions, hosting
[info] i  database: checking rules syntax...
[debug] [2017-12-02T14:23:50.450Z] >>> HTTP REQUEST PUT https://cryptovision-5e324.firebaseio.com/.settings/rules.json?dryRun=true {
  "rules": {
    ".read": true,
    ".write": true
  }
}
 
 Sat Dec 02 2017 19:53:50 GMT+0530 (IST)
[debug] [2017-12-02T14:23:52.345Z] <<< HTTP RESPONSE 200
[info] ✔  database: rules syntax is valid
[debug] [2017-12-02T14:23:52.357Z] > [functions] package.json contents: {
  "name": "web",
  "version": "0.0.0",
  "private": true,
  "engines": {
    "node": ">=6.5",
    "npm": ">=3.10"
  },
  "browserslist": [
    ">1%",
    "last 4 versions",
    "Firefox ESR",
    "not ie < 9"
  ],
  "dependencies": {
    "babel-polyfill": "7.0.0-beta.3",
    "bluebird": "^3.5.1",
    "body-parser": "^1.18.2",
    "classnames": "^2.2.5",
    "cookie-parser": "^1.4.3",
    "express": "^4.16.2",
    "express-jwt": "^5.3.0",
    "firebase": "^4.6.0",
    "firebase-admin": "~5.4.2",
    "firebase-functions": "^0.7.1",
    "history": "^4.7.2",
    "isomorphic-style-loader": "^4.0.0",
    "jsonwebtoken": "^8.1.0",
    "lodash": "^4.17.4",
    "memoizee": "^0.4.11",
    "node-fetch": "^1.7.3",
    "normalize.css": "^7.0.0",
    "pretty-error": "^2.1.1",
    "prop-types": "^15.5.10",
    "query-string": "^5.0.0",
    "react": "^16.0.0",
    "react-dev-utils": "^4.1.0",
    "react-dom": "^16.0.0",
    "react-redux": "^5.0.5",
    "redux": "^3.7.1",
    "redux-logger": "^3.0.6",
    "redux-thunk": "^2.2.0",
    "serialize-javascript": "^1.3.0",
    "source-map-support": "^0.5.0",
    "universal-router": "^4.3.0",
    "whatwg-fetch": "^2.0.3"
  },
  "devDependencies": {
    "assets-webpack-plugin": "^3.5.1",
    "autoprefixer": "^7.1.6",
    "babel-runtime": "^6.26.0",
    "babel-core": "7.0.0-beta.3",
    "babel-eslint": "^8.0.1",
    "babel-jest": "^21.2.0",
    "babel-loader": "^7.1.2",
    "babel-node": "7.0.0-beta.3",
    "babel-plugin-transform-react-constant-elements": "7.0.0-beta.3",
    "babel-plugin-transform-react-inline-elements": "7.0.0-beta.3",
    "babel-plugin-transform-react-remove-prop-types": "^0.4.10",
    "babel-preset-env": "7.0.0-beta.3",
    "babel-preset-flow": "^6.23.0",
    "babel-preset-react": "7.0.0-beta.3",
    "babel-preset-stage-2": "7.0.0-beta.3",
    "browser-sync": "^2.18.13",
    "chokidar": "^1.7.0",
    "css-loader": "^0.28.7",
    "core-js": "^2.5.1",
    "enzyme": "^3.1.0",
    "eslint": "^4.9.0",
    "eslint-config-airbnb": "^16.1.0",
    "eslint-config-prettier": "^2.6.0",
    "eslint-import-resolver-node": "^0.3.1",
    "eslint-loader": "^1.9.0",
    "eslint-plugin-css-modules": "^2.7.5",
    "eslint-plugin-flowtype": "^2.39.1",
    "eslint-plugin-import": "^2.8.0",
    "eslint-plugin-jsx-a11y": "^6.0.2",
    "eslint-plugin-prettier": "^2.3.1",
    "eslint-plugin-react": "^7.4.0",
    "file-loader": "^1.1.5",
    "flow-bin": "^0.57.3",
    "front-matter": "^2.2.0",
    "glob": "^7.1.2",
    "husky": "^0.14.3",
    "identity-obj-proxy": "^3.0.0",
    "jest": "^21.2.1",
    "jscodeshift": "^0.3.32",
    "lint-staged": "^4.3.0",
    "markdown-it": "^8.4.0",
    "mkdirp": "^0.5.1",
    "null-loader": "^0.1.1",
    "pixrem": "^4.0.1",
    "pleeease-filters": "^4.0.0",
    "postcss": "^6.0.13",
    "postcss-calc": "^6.0.1",
    "postcss-color-function": "^4.0.0",
    "postcss-custom-media": "^6.0.0",
    "postcss-custom-properties": "^6.2.0",
    "postcss-custom-selectors": "^4.0.1",
    "postcss-flexbugs-fixes": "^3.2.0",
    "postcss-import": "^11.0.0",
    "postcss-loader": "^2.0.8",
    "postcss-media-minmax": "^3.0.0",
    "postcss-nested": "^2.1.2",
    "postcss-nesting": "^4.2.1",
    "postcss-pseudoelements": "^5.0.0",
    "postcss-selector-matches": "^3.0.1",
    "postcss-selector-not": "^3.0.1",
    "prettier": "^1.7.4",
    "raw-loader": "^0.5.1",
    "react-deep-force-update": "^2.0.1",
    "react-error-overlay": "^2.0.2",
    "react-hot-loader": "^3.0.0-beta.7",
    "react-test-renderer": "16.0.0",
    "redux-mock-store": "^1.2.3",
    "rimraf": "^2.6.1",
    "sinon": "^3.2.0",
    "stylelint": "^8.0.0",
    "stylelint-config-standard": "^17.0.0",
    "stylelint-order": "^0.7.0",
    "svg-url-loader": "^2.2.1",
    "url-loader": "^0.6.2",
    "webpack": "^3.8.1",
    "webpack-bundle-analyzer": "^2.9.0",
    "webpack-dev-middleware": "^1.12.0",
    "webpack-hot-middleware": "^2.20.0",
    "webpack-node-externals": "^1.6.0"
  },
  "lint-staged": {
    "*.{js,jsx}": [
      "eslint --fix",
      "git add"
    ],
    "*.{json,graphql}": [
      "prettier --write",
      "git add"
    ],
    "*.{css,less,styl,scss,sass,sss}": [
      "stylelint --fix",
      "git add"
    ]
  },
  "scripts": {
    "precommit": "lint-staged",
    "lint-js": "eslint --ignore-path .gitignore --ignore-pattern \"!**/.*\" .",
    "lint-css": "stylelint \"src/**/*.{css,less,styl,scss,sass,sss}\"",
    "lint": "yarn run lint-js && yarn run lint-css",
    "fix-js": "yarn run lint-js --fix",
    "fix-css": "yarn run lint-css --fix",
    "fix": "yarn run fix-js && yarn run fix-css",
    "check": "flow check",
    "test": "jest",
    "test-watch": "yarn run test --watch --notify",
    "test-cover": "yarn run test --coverage",
    "coverage": "yarn run test-cover && opn coverage/lcov-report/index.html",
    "clean": "babel-node tools/run clean",
    "copy": "babel-node tools/run copy",
    "bundle": "babel-node tools/run bundle",
    "build": "babel-node tools/run build",
    "build-stats": "yarn run build --release --analyse",
    "deploy": "cp -R build/* functions/server/ && firebase deploy",
    "render": "babel-node tools/run render",
    "serve": "babel-node tools/run runServer",
    "start": "babel-node tools/run start"
  }
}
[info] i  functions: ensuring necessary APIs are enabled...
[info] i  runtimeconfig: ensuring necessary APIs are enabled...
[debug] [2017-12-02T14:23:52.358Z] >>> HTTP REQUEST GET https://servicemanagement.googleapis.com/v1/services/cloudfunctions.googleapis.com/projectSettings/cryptovision-5e324?view=CONSUMER_VIEW  
 Sat Dec 02 2017 19:53:52 GMT+0530 (IST)
[debug] [2017-12-02T14:23:52.359Z] >>> HTTP REQUEST GET https://servicemanagement.googleapis.com/v1/services/runtimeconfig.googleapis.com/projectSettings/cryptovision-5e324?view=CONSUMER_VIEW  
 Sat Dec 02 2017 19:53:52 GMT+0530 (IST)
[debug] [2017-12-02T14:24:51.288Z] ----------------------------------------------------------------------
[debug] [2017-12-02T14:24:51.290Z] Command:       /usr/local/bin/node /usr/local/bin/firebase deploy
[debug] [2017-12-02T14:24:51.291Z] CLI Version:   3.14.0
[debug] [2017-12-02T14:24:51.291Z] Platform:      darwin
[debug] [2017-12-02T14:24:51.291Z] Node Version:  v6.11.4
[debug] [2017-12-02T14:24:51.291Z] Time:          Sat Dec 02 2017 19:54:51 GMT+0530 (IST)
[debug] [2017-12-02T14:24:51.291Z] ----------------------------------------------------------------------
[debug] 
[debug] [2017-12-02T14:24:51.307Z] > command requires scopes: ["email","openid","https://www.googleapis.com/auth/cloudplatformprojects.readonly","https://www.googleapis.com/auth/firebase","https://www.googleapis.com/auth/cloud-platform"]
[debug] [2017-12-02T14:24:51.307Z] > authorizing via signed-in user
[debug] [2017-12-02T14:24:51.310Z] >>> HTTP REQUEST GET https://admin.firebase.com/v1/projects/cryptovision-5e324  
 Sat Dec 02 2017 19:54:51 GMT+0530 (IST)
[debug] [2017-12-02T14:24:52.569Z] <<< HTTP RESPONSE 200
[debug] [2017-12-02T14:24:52.570Z] >>> HTTP REQUEST GET https://admin.firebase.com/v1/database/cryptovision-5e324/tokens  
 Sat Dec 02 2017 19:54:52 GMT+0530 (IST)
[debug] [2017-12-02T14:24:53.791Z] <<< HTTP RESPONSE 200
[info] 3
[info] 
[info] === Deploying to 'cryptovision-5e324'...
[info] 
[info] i  deploying database, functions, hosting
[info] i  database: checking rules syntax...
[debug] [2017-12-02T14:24:55.638Z] >>> HTTP REQUEST PUT https://cryptovision-5e324.firebaseio.com/.settings/rules.json?dryRun=true {
  "rules": {
    ".read": true,
    ".write": true
  }
}
 
 Sat Dec 02 2017 19:54:55 GMT+0530 (IST)
[debug] [2017-12-02T14:24:57.268Z] <<< HTTP RESPONSE 200
[info] ✔  database: rules syntax is valid
[debug] [2017-12-02T14:24:57.272Z] > [functions] package.json contents: {
  "name": "web",
  "version": "0.0.0",
  "private": true,
  "engines": {
    "node": ">=6.5",
    "npm": ">=3.10"
  },
  "browserslist": [
    ">1%",
    "last 4 versions",
    "Firefox ESR",
    "not ie < 9"
  ],
  "dependencies": {
    "babel-polyfill": "7.0.0-beta.3",
    "bluebird": "^3.5.1",
    "body-parser": "^1.18.2",
    "classnames": "^2.2.5",
    "cookie-parser": "^1.4.3",
    "express": "^4.16.2",
    "express-jwt": "^5.3.0",
    "firebase": "^4.6.0",
    "firebase-admin": "~5.4.2",
    "firebase-functions": "^0.7.1",
    "history": "^4.7.2",
    "isomorphic-style-loader": "^4.0.0",
    "jsonwebtoken": "^8.1.0",
    "lodash": "^4.17.4",
    "memoizee": "^0.4.11",
    "node-fetch": "^1.7.3",
    "normalize.css": "^7.0.0",
    "pretty-error": "^2.1.1",
    "prop-types": "^15.5.10",
    "query-string": "^5.0.0",
    "react": "^16.0.0",
    "react-dev-utils": "^4.1.0",
    "react-dom": "^16.0.0",
    "react-redux": "^5.0.5",
    "redux": "^3.7.1",
    "redux-logger": "^3.0.6",
    "redux-thunk": "^2.2.0",
    "serialize-javascript": "^1.3.0",
    "source-map-support": "^0.5.0",
    "universal-router": "^4.3.0",
    "whatwg-fetch": "^2.0.3"
  },
  "devDependencies": {
    "assets-webpack-plugin": "^3.5.1",
    "autoprefixer": "^7.1.6",
    "babel-runtime": "^6.26.0",
    "babel-core": "7.0.0-beta.3",
    "babel-eslint": "^8.0.1",
    "babel-jest": "^21.2.0",
    "babel-loader": "^7.1.2",
    "babel-node": "7.0.0-beta.3",
    "babel-plugin-transform-react-constant-elements": "7.0.0-beta.3",
    "babel-plugin-transform-react-inline-elements": "7.0.0-beta.3",
    "babel-plugin-transform-react-remove-prop-types": "^0.4.10",
    "babel-preset-env": "7.0.0-beta.3",
    "babel-preset-flow": "^6.23.0",
    "babel-preset-react": "7.0.0-beta.3",
    "babel-preset-stage-2": "7.0.0-beta.3",
    "browser-sync": "^2.18.13",
    "chokidar": "^1.7.0",
    "css-loader": "^0.28.7",
    "core-js": "^2.5.1",
    "enzyme": "^3.1.0",
    "eslint": "^4.9.0",
    "eslint-config-airbnb": "^16.1.0",
    "eslint-config-prettier": "^2.6.0",
    "eslint-import-resolver-node": "^0.3.1",
    "eslint-loader": "^1.9.0",
    "eslint-plugin-css-modules": "^2.7.5",
    "eslint-plugin-flowtype": "^2.39.1",
    "eslint-plugin-import": "^2.8.0",
    "eslint-plugin-jsx-a11y": "^6.0.2",
    "eslint-plugin-prettier": "^2.3.1",
    "eslint-plugin-react": "^7.4.0",
    "file-loader": "^1.1.5",
    "flow-bin": "^0.57.3",
    "front-matter": "^2.2.0",
    "glob": "^7.1.2",
    "husky": "^0.14.3",
    "identity-obj-proxy": "^3.0.0",
    "jest": "^21.2.1",
    "jscodeshift": "^0.3.32",
    "lint-staged": "^4.3.0",
    "markdown-it": "^8.4.0",
    "mkdirp": "^0.5.1",
    "null-loader": "^0.1.1",
    "pixrem": "^4.0.1",
    "pleeease-filters": "^4.0.0",
    "postcss": "^6.0.13",
    "postcss-calc": "^6.0.1",
    "postcss-color-function": "^4.0.0",
    "postcss-custom-media": "^6.0.0",
    "postcss-custom-properties": "^6.2.0",
    "postcss-custom-selectors": "^4.0.1",
    "postcss-flexbugs-fixes": "^3.2.0",
    "postcss-import": "^11.0.0",
    "postcss-loader": "^2.0.8",
    "postcss-media-minmax": "^3.0.0",
    "postcss-nested": "^2.1.2",
    "postcss-nesting": "^4.2.1",
    "postcss-pseudoelements": "^5.0.0",
    "postcss-selector-matches": "^3.0.1",
    "postcss-selector-not": "^3.0.1",
    "prettier": "^1.7.4",
    "raw-loader": "^0.5.1",
    "react-deep-force-update": "^2.0.1",
    "react-error-overlay": "^2.0.2",
    "react-hot-loader": "^3.0.0-beta.7",
    "react-test-renderer": "16.0.0",
    "redux-mock-store": "^1.2.3",
    "rimraf": "^2.6.1",
    "sinon": "^3.2.0",
    "stylelint": "^8.0.0",
    "stylelint-config-standard": "^17.0.0",
    "stylelint-order": "^0.7.0",
    "svg-url-loader": "^2.2.1",
    "url-loader": "^0.6.2",
    "webpack": "^3.8.1",
    "webpack-bundle-analyzer": "^2.9.0",
    "webpack-dev-middleware": "^1.12.0",
    "webpack-hot-middleware": "^2.20.0",
    "webpack-node-externals": "^1.6.0"
  },
  "lint-staged": {
    "*.{js,jsx}": [
      "eslint --fix",
      "git add"
    ],
    "*.{json,graphql}": [
      "prettier --write",
      "git add"
    ],
    "*.{css,less,styl,scss,sass,sss}": [
      "stylelint --fix",
      "git add"
    ]
  },
  "scripts": {
    "precommit": "lint-staged",
    "lint-js": "eslint --ignore-path .gitignore --ignore-pattern \"!**/.*\" .",
    "lint-css": "stylelint \"src/**/*.{css,less,styl,scss,sass,sss}\"",
    "lint": "yarn run lint-js && yarn run lint-css",
    "fix-js": "yarn run lint-js --fix",
    "fix-css": "yarn run lint-css --fix",
    "fix": "yarn run fix-js && yarn run fix-css",
    "check": "flow check",
    "test": "jest",
    "test-watch": "yarn run test --watch --notify",
    "test-cover": "yarn run test --coverage",
    "coverage": "yarn run test-cover && opn coverage/lcov-report/index.html",
    "clean": "babel-node tools/run clean",
    "copy": "babel-node tools/run copy",
    "bundle": "babel-node tools/run bundle",
    "build": "babel-node tools/run build",
    "build-stats": "yarn run build --release --analyse",
    "deploy": "cp -R build/* functions/server/ && firebase deploy",
    "render": "babel-node tools/run render",
    "serve": "babel-node tools/run runServer",
    "start": "babel-node tools/run start"
  }
}
[info] i  functions: ensuring necessary APIs are enabled...
[info] i  runtimeconfig: ensuring necessary APIs are enabled...
[debug] [2017-12-02T14:24:57.274Z] >>> HTTP REQUEST GET https://servicemanagement.googleapis.com/v1/services/cloudfunctions.googleapis.com/projectSettings/cryptovision-5e324?view=CONSUMER_VIEW  
 Sat Dec 02 2017 19:54:57 GMT+0530 (IST)
[debug] [2017-12-02T14:24:57.275Z] >>> HTTP REQUEST GET https://servicemanagement.googleapis.com/v1/services/runtimeconfig.googleapis.com/projectSettings/cryptovision-5e324?view=CONSUMER_VIEW  
 Sat Dec 02 2017 19:54:57 GMT+0530 (IST)
[debug] [2017-12-02T14:24:59.443Z] <<< HTTP RESPONSE 200
[info] ✔  runtimeconfig: all necessary APIs are enabled
[debug] [2017-12-02T14:24:59.797Z] <<< HTTP RESPONSE 200
[info] ✔  functions: all necessary APIs are enabled
[debug] [2017-12-02T14:24:59.798Z] >>> HTTP REQUEST GET https://appengine.googleapis.com/v1/apps/cryptovision-5e324  
 Sat Dec 02 2017 19:54:59 GMT+0530 (IST)
[debug] [2017-12-02T14:24:59.799Z] >>> HTTP REQUEST GET https://apikeys.googleapis.com/v1/projects/cryptovision-5e324/apiKeys  
 Sat Dec 02 2017 19:54:59 GMT+0530 (IST)
